2021-12-07 15:38:30 [@DESKTOP-B5LUNCB]
Interno #1: Executar createinquest
2021-12-07 15:50:31 [2@DESKTOP-B5LUNCB]
Interno #1: Executar watcher
2021-12-07 15:55:50 [2@DESKTOP-B5LUNCB]
Interno #1: Executar ticketrecurrent
2021-12-07 16:06:22 [2@DESKTOP-B5LUNCB]
Interno #1: Executar planningrecall
2021-12-07 16:18:05 [2@DESKTOP-B5LUNCB]
Interno #1: Executar queuednotification
2021-12-07 16:29:18 [2@DESKTOP-B5LUNCB]
Interno #1: Executar queuednotificationclean
2021-12-07 16:35:49 [2@DESKTOP-B5LUNCB]
Interno #1: Executar temp
2021-12-07 17:01:03 [2@DESKTOP-B5LUNCB]
Interno #1: Executar mailgateerror
2021-12-07 17:06:13 [2@DESKTOP-B5LUNCB]
Interno #1: Executar contract
2021-12-07 17:17:56 [2@DESKTOP-B5LUNCB]
Interno #1: Executar infocom
2021-12-07 17:23:22 [2@DESKTOP-B5LUNCB]
Interno #1: Executar mailgate
2021-12-07 17:30:00 [2@DESKTOP-B5LUNCB]
Interno #1: Executar session
2021-12-07 18:09:13 [2@DESKTOP-B5LUNCB]
Interno #1: Executar graph
2021-12-07 18:25:23 [2@DESKTOP-B5LUNCB]
Interno #1: Executar reservation
2021-12-07 18:32:34 [2@DESKTOP-B5LUNCB]
Interno #1: Executar closeticket
2021-12-07 18:37:43 [2@DESKTOP-B5LUNCB]
Interno #1: Executar alertnotclosed
2021-12-07 18:46:14 [2@DESKTOP-B5LUNCB]
Interno #1: Executar slaticket
2021-12-07 18:51:20 [2@DESKTOP-B5LUNCB]
Interno #1: Executar olaticket
2021-12-07 18:52:02 [@DESKTOP-B5LUNCB]
Interno #1: Executar planningrecall
2021-12-07 18:56:33 [2@DESKTOP-B5LUNCB]
Interno #1: Executar queuednotification
2021-12-07 18:58:18 [6@DESKTOP-B5LUNCB]
Interno #1: Executar ticketrecurrent
2021-12-07 19:02:01 [2@DESKTOP-B5LUNCB]
Interno #1: Executar mailgate
2021-12-07 19:07:02 [2@DESKTOP-B5LUNCB]
Interno #1: Executar temp
2021-12-07 19:11:42 [6@DESKTOP-B5LUNCB]
Interno #1: Executar slaticket
2021-12-07 19:12:33 [2@DESKTOP-B5LUNCB]
Interno #1: Executar olaticket
2021-12-07 19:17:21 [6@DESKTOP-B5LUNCB]
Interno #1: Executar planningrecall
2021-12-07 19:17:24 [@DESKTOP-B5LUNCB]
Interno #1: Executar queuednotification
2021-12-07 19:17:58 [2@DESKTOP-B5LUNCB]
Interno #1: Executar graph
2021-12-07 19:19:08 [@DESKTOP-B5LUNCB]
Interno #1: Executar mailgate
2021-12-07 19:43:27 [7@DESKTOP-B5LUNCB]
Interno #1: Executar slaticket
2021-12-07 19:43:52 [2@DESKTOP-B5LUNCB]
Interno #1: Executar olaticket
2021-12-07 20:09:10 [2@DESKTOP-B5LUNCB]
Interno #1: Executar queuednotification
2021-12-07 20:15:17 [2@DESKTOP-B5LUNCB]
Interno #1: Executar planningrecall
2021-12-07 20:19:02 [7@DESKTOP-B5LUNCB]
Interno #1: Executar reservation
2021-12-07 20:20:30 [2@DESKTOP-B5LUNCB]
Interno #1: Executar mailgate
2021-12-07 20:21:11 [@DESKTOP-B5LUNCB]
Interno #1: Executar slaticket
2021-12-07 20:21:29 [@DESKTOP-B5LUNCB]
Interno #1: Executar olaticket
2021-12-07 20:24:28 [@DESKTOP-B5LUNCB]
Interno #1: Executar ticketrecurrent
2021-12-07 20:25:00 [@DESKTOP-B5LUNCB]
Interno #1: Executar temp
2021-12-07 20:26:23 [2@DESKTOP-B5LUNCB]
Interno #1: Executar queuednotification
2021-12-07 20:36:12 [2@DESKTOP-B5LUNCB]
Interno #1: Executar graph
2021-12-07 20:37:44 [6@DESKTOP-B5LUNCB]
Interno #1: Executar planningrecall
2021-12-07 20:38:53 [@DESKTOP-B5LUNCB]
Interno #1: Executar slaticket
2021-12-07 20:39:55 [@DESKTOP-B5LUNCB]
Interno #1: Executar olaticket
2021-12-07 20:40:57 [@DESKTOP-B5LUNCB]
Interno #1: Executar queuednotification
2021-12-07 20:42:19 [2@DESKTOP-B5LUNCB]
Interno #1: Executar mailgate
2021-12-07 20:47:21 [2@DESKTOP-B5LUNCB]
Interno #1: Executar queuednotification
2021-12-07 20:52:40 [2@DESKTOP-B5LUNCB]
Interno #1: Executar planningrecall
2021-12-07 20:54:35 [@DESKTOP-B5LUNCB]
Interno #1: Executar slaticket
2021-12-07 20:54:51 [@DESKTOP-B5LUNCB]
Interno #1: Executar olaticket
2021-12-07 21:01:26 [@DESKTOP-B5LUNCB]
Interno #1: Executar queuednotification
2021-12-07 21:05:57 [2@DESKTOP-B5LUNCB]
Interno #1: Executar mailgate
2021-12-07 21:09:13 [@DESKTOP-B5LUNCB]
Interno #1: Executar planningrecall
2021-12-07 21:10:27 [@DESKTOP-B5LUNCB]
Interno #1: Executar slaticket
2021-12-07 21:11:31 [2@DESKTOP-B5LUNCB]
Interno #1: Executar olaticket
2021-12-07 21:12:14 [@DESKTOP-B5LUNCB]
Interno #1: Executar queuednotification
2021-12-07 21:14:12 [@DESKTOP-B5LUNCB]
Interno #1: Executar queuednotification
2021-12-07 21:16:34 [@DESKTOP-B5LUNCB]
Interno #1: Executar planningrecall
2021-12-07 21:16:38 [2@DESKTOP-B5LUNCB]
Interno #1: Executar mailgate
2021-12-07 21:17:23 [@DESKTOP-B5LUNCB]
Interno #1: Executar slaticket
2021-12-07 21:18:46 [@DESKTOP-B5LUNCB]
Interno #1: Executar queuednotification
2021-12-08 18:14:27 [@DESKTOP-B5LUNCB]
Interno #1: Executar olaticket
2021-12-08 18:15:08 [2@DESKTOP-B5LUNCB]
Interno #1: Executar reservation
2021-12-08 18:19:24 [@DESKTOP-B5LUNCB]
Interno #1: Executar queuednotification
2021-12-08 18:24:21 [2@DESKTOP-B5LUNCB]
Interno #1: Executar planningrecall
2021-12-08 18:27:20 [10@DESKTOP-B5LUNCB]
Interno #1: Executar slaticket
2021-12-08 18:27:26 [@DESKTOP-B5LUNCB]
Interno #1: Executar ticketrecurrent
2021-12-08 18:29:50 [2@DESKTOP-B5LUNCB]
Interno #1: Executar temp
2021-12-08 18:31:58 [@DESKTOP-B5LUNCB]
Interno #1: Executar mailgate
2021-12-08 18:35:13 [@DESKTOP-B5LUNCB]
Interno #1: Executar graph
2021-12-08 18:35:21 [@DESKTOP-B5LUNCB]
Interno #1: Executar closeticket
2021-12-08 18:35:37 [@DESKTOP-B5LUNCB]
Interno #1: Executar alertnotclosed
2021-12-08 18:35:41 [@DESKTOP-B5LUNCB]
Interno #1: Executar createinquest
2021-12-08 18:35:54 [@DESKTOP-B5LUNCB]
Interno #1: Executar watcher
2021-12-08 18:51:38 [11@DESKTOP-B5LUNCB]
Interno #1: Executar queuednotificationclean
2021-12-08 18:53:24 [2@DESKTOP-B5LUNCB]
Interno #1: Executar mailgateerror
2021-12-08 18:53:54 [@DESKTOP-B5LUNCB]
Interno #1: Executar contract
2021-12-08 18:58:35 [2@DESKTOP-B5LUNCB]
Interno #1: Executar infocom
2021-12-08 18:59:20 [@DESKTOP-B5LUNCB]
Interno #1: Executar session
2021-12-08 18:59:30 [@DESKTOP-B5LUNCB]
Interno #1: Executar olaticket
2021-12-08 18:59:37 [@DESKTOP-B5LUNCB]
Interno #1: Executar queuednotification
2021-12-08 19:04:48 [2@DESKTOP-B5LUNCB]
Interno #1: Executar planningrecall
2021-12-08 19:05:13 [@DESKTOP-B5LUNCB]
Interno #1: Executar slaticket
2021-12-08 19:12:21 [2@DESKTOP-B5LUNCB]
Interno #1: Executar mailgate
2021-12-08 19:12:47 [@DESKTOP-B5LUNCB]
Interno #1: Executar queuednotification
2021-12-08 19:15:18 [@DESKTOP-B5LUNCB]
Interno #1: Executar olaticket
2021-12-08 19:22:17 [2@DESKTOP-B5LUNCB]
Interno #1: Executar planningrecall
2021-12-08 19:23:09 [10@DESKTOP-B5LUNCB]
Interno #1: Executar slaticket
2021-12-08 19:23:14 [@DESKTOP-B5LUNCB]
Interno #1: Executar queuednotification
2021-12-08 19:23:28 [@DESKTOP-B5LUNCB]
Interno #1: Executar reservation
2021-12-08 19:24:40 [@DESKTOP-B5LUNCB]
Interno #1: Executar olaticket
2021-12-08 19:40:16 [10@DESKTOP-B5LUNCB]
Interno #1: Executar mailgate
2021-12-08 19:41:09 [2@DESKTOP-B5LUNCB]
Interno #1: Executar queuednotification
2021-12-08 19:53:28 [2@DESKTOP-B5LUNCB]
Interno #1: Executar ticketrecurrent
2021-12-08 19:58:32 [2@DESKTOP-B5LUNCB]
Interno #1: Executar planningrecall
2021-12-08 20:00:04 [@DESKTOP-B5LUNCB]
Interno #1: Executar slaticket
2021-12-08 20:01:12 [@DESKTOP-B5LUNCB]
Interno #1: Executar temp
2021-12-08 20:01:27 [@DESKTOP-B5LUNCB]
Interno #1: Executar olaticket
2021-12-08 20:15:00 [2@DESKTOP-B5LUNCB]
Interno #1: Executar graph
2021-12-08 20:24:58 [13@DESKTOP-B5LUNCB]
Interno #1: Executar queuednotification
2021-12-08 20:25:42 [2@DESKTOP-B5LUNCB]
Interno #1: Executar mailgate
2021-12-08 20:36:48 [13@DESKTOP-B5LUNCB]
Interno #1: Executar planningrecall
2021-12-08 20:37:41 [2@DESKTOP-B5LUNCB]
Interno #1: Executar slaticket
2021-12-08 20:37:46 [@DESKTOP-B5LUNCB]
Interno #1: Executar olaticket
2021-12-08 20:39:22 [@DESKTOP-B5LUNCB]
Interno #1: Executar reservation
2021-12-08 20:40:28 [@DESKTOP-B5LUNCB]
Interno #1: Executar queuednotification
2021-12-08 20:42:58 [2@DESKTOP-B5LUNCB]
Interno #1: Executar mailgate
2021-12-08 20:43:11 [@DESKTOP-B5LUNCB]
Interno #1: Executar planningrecall
2021-12-08 21:03:35 [2@DESKTOP-B5LUNCB]
Interno #1: Executar queuednotification
2021-12-08 21:10:25 [2@DESKTOP-B5LUNCB]
Interno #1: Executar slaticket
2021-12-08 21:11:45 [13@DESKTOP-B5LUNCB]
Interno #1: Executar olaticket
2021-12-08 21:13:39 [@DESKTOP-B5LUNCB]
Interno #1: Executar planningrecall
2021-12-08 21:15:14 [@DESKTOP-B5LUNCB]
Interno #1: Executar mailgate
2021-12-08 21:15:53 [2@DESKTOP-B5LUNCB]
Interno #1: Executar ticketrecurrent
2021-12-08 22:40:03 [2@DESKTOP-B5LUNCB]
Interno #1: Executar temp
2021-12-08 22:58:23 [2@DESKTOP-B5LUNCB]
Interno #1: Executar queuednotification
2021-12-08 23:06:44 [2@DESKTOP-B5LUNCB]
Interno #1: Executar graph
2021-12-08 23:08:20 [12@DESKTOP-B5LUNCB]
Interno #1: Executar slaticket
2021-12-08 23:08:22 [@DESKTOP-B5LUNCB]
Interno #1: Executar olaticket
2021-12-08 23:11:23 [@DESKTOP-B5LUNCB]
Interno #1: Executar planningrecall
2021-12-08 23:11:49 [2@DESKTOP-B5LUNCB]
Interno #1: Executar mailgate
2021-12-08 23:16:15 [@DESKTOP-B5LUNCB]
Interno #1: Executar reservation
2021-12-08 23:17:13 [2@DESKTOP-B5LUNCB]
Interno #1: Executar ticketrecurrent
2021-12-09 16:13:19 [@DESKTOP-B5LUNCB]
Interno #1: Executar queuednotification
2021-12-09 16:13:29 [@DESKTOP-B5LUNCB]
Interno #1: Executar slaticket
2021-12-09 16:14:59 [@DESKTOP-B5LUNCB]
Interno #1: Executar olaticket
2021-12-09 16:49:38 [11@DESKTOP-B5LUNCB]
Interno #1: Executar planningrecall
2021-12-09 16:54:44 [11@DESKTOP-B5LUNCB]
Interno #1: Executar mailgate
2021-12-09 16:55:09 [2@DESKTOP-B5LUNCB]
Interno #1: Executar temp
