2021-12-07 15:38:41 [@DESKTOP-B5LUNCB]
[login] 3: glpi fez login no IP ::1
2021-12-07 18:52:08 [@DESKTOP-B5LUNCB]
[login] 3: silas fez login no IP 192.168.0.62
2021-12-07 19:17:29 [@DESKTOP-B5LUNCB]
[login] 3: b4 fez login no IP 192.168.0.62
2021-12-07 19:19:12 [@DESKTOP-B5LUNCB]
[login] 3: b4 fez login no IP 192.168.0.62
2021-12-07 20:21:17 [@DESKTOP-B5LUNCB]
[login] 3: b4 fez login no IP 192.168.0.62
2021-12-07 20:21:32 [@DESKTOP-B5LUNCB]
[login] 3: b4 fez login no IP 192.168.0.62
2021-12-07 20:24:37 [@DESKTOP-B5LUNCB]
[login] 3: Silas fez login no IP 192.168.222.187
2021-12-07 20:39:07 [@DESKTOP-B5LUNCB]
[login] 3: silas fez login no IP 192.168.0.160
2021-12-07 20:40:06 [@DESKTOP-B5LUNCB]
[login] 3: Geovanna fez login no IP 192.168.222.187
2021-12-07 20:54:43 [@DESKTOP-B5LUNCB]
[login] 3: silas fez login no IP 192.168.0.160
2021-12-07 20:58:08 [@DESKTOP-B5LUNCB]
[login] 3: silas.oliveira fez login no IP 192.168.0.62
2021-12-07 21:01:44 [@DESKTOP-B5LUNCB]
[login] 3: silas.oliveira fez login no IP 192.168.0.62
2021-12-07 21:09:18 [@DESKTOP-B5LUNCB]
[login] 3: financeiro fez login no IP 192.168.0.62
2021-12-07 21:10:39 [@DESKTOP-B5LUNCB]
[login] 3: financeiro fez login no IP 192.168.0.62
2021-12-07 21:12:19 [@DESKTOP-B5LUNCB]
[login] 3: financeiro fez login no IP 192.168.0.62
2021-12-07 21:14:17 [@DESKTOP-B5LUNCB]
[login] 3: financeiro fez login no IP 192.168.0.62
2021-12-07 21:16:43 [@DESKTOP-B5LUNCB]
[login] 3: silas.oliveira fez login no IP 192.168.0.62
2021-12-07 21:17:29 [@DESKTOP-B5LUNCB]
[login] 3: financeiro fez login no IP 192.168.0.62
2021-12-07 21:18:53 [@DESKTOP-B5LUNCB]
[login] 3: silas.oliveira fez login no IP 192.168.0.62
2021-12-08 18:07:52 [@DESKTOP-B5LUNCB]
[login] 3: glpi fez login no IP ::1
2021-12-08 18:19:23 [@DESKTOP-B5LUNCB]
[login] 3: financeiro fez login no IP 192.168.227.2
2021-12-08 18:19:34 [@DESKTOP-B5LUNCB]
[login] 3: financeiro fez login no IP ::1
2021-12-08 18:27:35 [@DESKTOP-B5LUNCB]
[login] 3: financeiro fez login no IP ::1
2021-12-08 18:32:07 [@DESKTOP-B5LUNCB]
[login] 3: geovanna.miranda fez login no IP ::1
2021-12-08 18:35:34 [@DESKTOP-B5LUNCB]
[login] 3: tecnologia fez login no IP ::1
2021-12-08 18:36:07 [@DESKTOP-B5LUNCB]
[login] 3: geovanna.miranda fez login no IP ::1
2021-12-08 18:36:56 [@DESKTOP-B5LUNCB]
[login] 3: glpi fez login no IP ::1
2021-12-08 18:54:02 [@DESKTOP-B5LUNCB]
[login] 3: financeiro fez login no IP ::1
2021-12-08 18:59:26 [@DESKTOP-B5LUNCB]
[login] 3: Login falhou para b5 no IP ::1
2021-12-08 18:59:35 [@DESKTOP-B5LUNCB]
[login] 3: Login falhou para B5 no IP ::1
2021-12-08 19:00:11 [@DESKTOP-B5LUNCB]
[login] 3: b5 fez login no IP ::1
2021-12-08 19:05:25 [@DESKTOP-B5LUNCB]
[login] 3: silas.oliveira fez login no IP ::1
2021-12-08 19:12:59 [@DESKTOP-B5LUNCB]
[login] 3: financeiro fez login no IP ::1
2021-12-08 19:15:27 [@DESKTOP-B5LUNCB]
[login] 3: financeiro fez login no IP ::1
2021-12-08 19:23:24 [@DESKTOP-B5LUNCB]
[login] 3: Login falhou para finaceiro no IP ::1
2021-12-08 19:23:39 [@DESKTOP-B5LUNCB]
[login] 3: financeiro fez login no IP ::1
2021-12-08 19:24:50 [@DESKTOP-B5LUNCB]
[login] 3: financeiro fez login no IP ::1
2021-12-08 20:00:10 [@DESKTOP-B5LUNCB]
[login] 3: b5 fez login no IP ::1
2021-12-08 20:01:17 [@DESKTOP-B5LUNCB]
[login] 3: b8 fez login no IP ::1
2021-12-08 20:02:15 [@DESKTOP-B5LUNCB]
[login] 3: b8 fez login no IP ::1
2021-12-08 20:37:50 [@DESKTOP-B5LUNCB]
[login] 3: b8 fez login no IP ::1
2021-12-08 20:39:27 [@DESKTOP-B5LUNCB]
[login] 3: ti fez login no IP ::1
2021-12-08 20:41:05 [@DESKTOP-B5LUNCB]
[login] 3: b8 fez login no IP ::1
2021-12-08 20:43:16 [@DESKTOP-B5LUNCB]
[login] 3: b8 fez login no IP ::1
2021-12-08 21:13:45 [@DESKTOP-B5LUNCB]
[login] 3: financeiro fez login no IP ::1
2021-12-08 21:15:20 [@DESKTOP-B5LUNCB]
[login] 3: b5 fez login no IP ::1
2021-12-08 23:08:28 [@DESKTOP-B5LUNCB]
[login] 3: ti fez login no IP ::1
2021-12-08 23:11:32 [@DESKTOP-B5LUNCB]
[login] 3: financeiro fez login no IP ::1
2021-12-08 23:16:22 [@DESKTOP-B5LUNCB]
[login] 3: ti fez login no IP ::1
2021-12-09 16:08:39 [@DESKTOP-B5LUNCB]
[login] 3: glpi fez login no IP ::1
2021-12-09 16:13:29 [@DESKTOP-B5LUNCB]
[login] 3: b5 fez login no IP 192.168.0.160
2021-12-09 16:13:39 [@DESKTOP-B5LUNCB]
[login] 3: b8 fez login no IP ::1
2021-12-09 16:15:03 [@DESKTOP-B5LUNCB]
[login] 3: ti fez login no IP ::1
