2021-12-07 18:53:53 [6@DESKTOP-B5LUNCB]
Um e-mail para silas.henrique@hotmail.com foi adicionado à fila: [GLPI #0000001] Novo usuário em requerentes TEste
2021-12-07 18:53:53 [6@DESKTOP-B5LUNCB]
Um e-mail para tecnologia@babita.com.br foi adicionado à fila: [GLPI #0000001] Novo usuário em observadores TEste
2021-12-07 18:53:53 [6@DESKTOP-B5LUNCB]
Um e-mail para babita.geovannamiranda@babita.com.br foi adicionado à fila: [GLPI #0000001] Novo usuário em observadores TEste
2021-12-07 18:53:53 [6@DESKTOP-B5LUNCB]
Um e-mail para tecnologia@babita.com.br foi adicionado à fila: [GLPI #0000001] Novo usuário em observadores TEste
2021-12-07 18:53:53 [6@DESKTOP-B5LUNCB]
Um e-mail para babita.silas@babita.com.br foi adicionado à fila: [GLPI #0000001] Novo chamado TEste
2021-12-07 18:53:53 [6@DESKTOP-B5LUNCB]
Um e-mail para silas.henrique@hotmail.com foi adicionado à fila: [GLPI #0000001] Novo chamado TEste
2021-12-07 18:53:53 [6@DESKTOP-B5LUNCB]
Um e-mail para babita.geovannamiranda@babita.com.br foi adicionado à fila: [GLPI #0000001] Novo chamado TEste
2021-12-07 18:53:53 [6@DESKTOP-B5LUNCB]
Um e-mail para tecnologia@babita.com.br foi adicionado à fila: [GLPI #0000001] Novo chamado TEste
2021-12-07 18:53:55 [6@DESKTOP-B5LUNCB]
Um e-mail foi enviado para babita.silas@babita.com.br: [GLPI #0000001] Novo chamado TEste
2021-12-07 18:56:37 [2@DESKTOP-B5LUNCB]
Um e-mail foi enviado para silas.henrique@hotmail.com: [GLPI #0000001] Novo chamado TEste
2021-12-07 18:56:39 [2@DESKTOP-B5LUNCB]
Um e-mail foi enviado para babita.geovannamiranda@babita.com.br: [GLPI #0000001] Novo chamado TEste
2021-12-07 18:56:41 [2@DESKTOP-B5LUNCB]
Um e-mail foi enviado para tecnologia@babita.com.br: [GLPI #0000001] Novo chamado TEste
2021-12-07 21:03:09 [9@DESKTOP-B5LUNCB]
Um e-mail para babita.silas@babita.com.br foi adicionado à fila: [GLPI #0000002] Novo chamado teste
2021-12-07 21:12:16 [@DESKTOP-B5LUNCB]
Um e-mail foi enviado para babita.silas@babita.com.br: [GLPI #0000002] Novo chamado teste
2021-12-07 21:15:43 [10@DESKTOP-B5LUNCB]
Um e-mail para tecnologia@babita.com.br foi adicionado à fila: [GLPI #0000003] Novo usuário em requerentes teste
2021-12-07 21:15:43 [10@DESKTOP-B5LUNCB]
Um e-mail para babita.silas@babita.com.br foi adicionado à fila: [GLPI #0000003] Novo chamado teste
2021-12-07 21:15:43 [10@DESKTOP-B5LUNCB]
Um e-mail para tecnologia@babita.com.br foi adicionado à fila: [GLPI #0000003] Novo chamado teste
2021-12-07 21:15:46 [10@DESKTOP-B5LUNCB]
Um e-mail foi enviado para babita.silas@babita.com.br: [GLPI #0000003] Novo chamado teste
2021-12-07 21:17:04 [2@DESKTOP-B5LUNCB]
Um e-mail para babita.silas@babita.com.br foi adicionado à fila: [GLPI #0000004] Novo chamado teste
2021-12-07 21:17:06 [2@DESKTOP-B5LUNCB]
Um e-mail foi enviado para babita.silas@babita.com.br: [GLPI #0000004] Novo chamado teste
2021-12-07 21:17:14 [9@DESKTOP-B5LUNCB]
Um e-mail para babita.silas@babita.com.br foi adicionado à fila: [GLPI #0000005] Novo chamado testessss
2021-12-07 21:17:16 [9@DESKTOP-B5LUNCB]
Um e-mail foi enviado para babita.silas@babita.com.br: [GLPI #0000005] Novo chamado testessss
2021-12-07 21:18:49 [@DESKTOP-B5LUNCB]
Um e-mail foi enviado para tecnologia@babita.com.br: [GLPI #0000003] Novo chamado teste
2021-12-08 18:34:45 [11@DESKTOP-B5LUNCB]
Um e-mail para babita.geovannamiranda@babita.com.br foi adicionado à fila: [GLPI #0000006] Novo usuário em requerentes teste
2021-12-08 18:34:45 [11@DESKTOP-B5LUNCB]
Um e-mail para babita.geovannamiranda@babita.com.br foi adicionado à fila: [GLPI #0000006] Novo usuário em atribuídos teste
2021-12-08 18:34:45 [11@DESKTOP-B5LUNCB]
Um e-mail para babita.silas@babita.com.br foi adicionado à fila: [GLPI #0000006] Novo chamado teste
2021-12-08 18:34:45 [11@DESKTOP-B5LUNCB]
Um e-mail para babita.geovannamiranda@babita.com.br foi adicionado à fila: [GLPI #0000006] Novo chamado teste
2021-12-08 18:34:48 [11@DESKTOP-B5LUNCB]
Um e-mail foi enviado para babita.silas@babita.com.br: [GLPI #0000006] Novo chamado teste
2021-12-08 18:38:43 [2@DESKTOP-B5LUNCB]
Um e-mail para babita.silas@babita.com.br foi adicionado à fila: [GLPI #0000001] Exclusão de um chamado TEste
2021-12-08 18:38:45 [2@DESKTOP-B5LUNCB]
Um e-mail foi enviado para babita.silas@babita.com.br: [GLPI #0000001] Exclusão de um chamado TEste
2021-12-08 18:38:45 [2@DESKTOP-B5LUNCB]
Um e-mail para babita.silas@babita.com.br foi adicionado à fila: [GLPI #0000002] Exclusão de um chamado teste
2021-12-08 18:38:48 [2@DESKTOP-B5LUNCB]
Um e-mail foi enviado para babita.silas@babita.com.br: [GLPI #0000002] Exclusão de um chamado teste
2021-12-08 18:38:48 [2@DESKTOP-B5LUNCB]
Um e-mail para babita.silas@babita.com.br foi adicionado à fila: [GLPI #0000003] Exclusão de um chamado teste
2021-12-08 18:38:51 [2@DESKTOP-B5LUNCB]
Um e-mail foi enviado para babita.silas@babita.com.br: [GLPI #0000003] Exclusão de um chamado teste
2021-12-08 18:38:51 [2@DESKTOP-B5LUNCB]
Um e-mail para babita.silas@babita.com.br foi adicionado à fila: [GLPI #0000004] Exclusão de um chamado teste
2021-12-08 18:38:54 [2@DESKTOP-B5LUNCB]
Um e-mail foi enviado para babita.silas@babita.com.br: [GLPI #0000004] Exclusão de um chamado teste
2021-12-08 18:38:54 [2@DESKTOP-B5LUNCB]
Um e-mail para babita.silas@babita.com.br foi adicionado à fila: [GLPI #0000005] Exclusão de um chamado testessss
2021-12-08 18:38:56 [2@DESKTOP-B5LUNCB]
Um e-mail foi enviado para babita.silas@babita.com.br: [GLPI #0000005] Exclusão de um chamado testessss
2021-12-08 18:38:56 [2@DESKTOP-B5LUNCB]
Um e-mail para babita.silas@babita.com.br foi adicionado à fila: [GLPI #0000006] Exclusão de um chamado teste
2021-12-08 18:38:58 [2@DESKTOP-B5LUNCB]
Um e-mail foi enviado para babita.geovannamiranda@babita.com.br: [GLPI #0000006] Novo chamado teste
2021-12-08 18:53:18 [11@DESKTOP-B5LUNCB]
Um e-mail para babita.geovannamiranda@babita.com.br foi adicionado à fila: [GLPI #0000007] Novo usuário em requerentes teste
2021-12-08 18:53:18 [11@DESKTOP-B5LUNCB]
Um e-mail para babita.geovannamiranda@babita.com.br foi adicionado à fila: [GLPI #0000007] Novo usuário em observadores teste
2021-12-08 18:53:18 [11@DESKTOP-B5LUNCB]
Um e-mail para babita.geovannamiranda@babita.com.br foi adicionado à fila: [GLPI #0000007] Novo usuário em atribuídos teste
2021-12-08 18:53:18 [11@DESKTOP-B5LUNCB]
Um e-mail para babita.silas@babita.com.br foi adicionado à fila: [GLPI #0000007] Novo chamado teste
2021-12-08 18:53:18 [11@DESKTOP-B5LUNCB]
Um e-mail para babita.geovannamiranda@babita.com.br foi adicionado à fila: [GLPI #0000007] Novo chamado teste
2021-12-08 18:55:03 [2@DESKTOP-B5LUNCB]
Um e-mail foi enviado para babita.silas@babita.com.br: [GLPI #0000007] Novo chamado teste
2021-12-08 18:55:10 [2@DESKTOP-B5LUNCB]
Um e-mail foi enviado para babita.geovannamiranda@babita.com.br: [GLPI #0000007] Novo chamado teste
2021-12-08 18:55:27 [2@DESKTOP-B5LUNCB]
Um e-mail para tecnologia@babita.com.br foi adicionado à fila: [GLPI #0000007] Novo usuário em requerentes teste
2021-12-08 18:55:27 [2@DESKTOP-B5LUNCB]
Um e-mail para babita.geovannamiranda@babita.com.br foi adicionado à fila: [GLPI #0000007] Novo usuário em requerentes teste
2021-12-08 18:55:29 [2@DESKTOP-B5LUNCB]
Um e-mail foi enviado para tecnologia@babita.com.br: [GLPI #0000007] Novo usuário em requerentes teste
2021-12-08 18:58:01 [2@DESKTOP-B5LUNCB]
Um e-mail para babita.silas@babita.com.br foi adicionado à fila: [GLPI #0000001] Exclusão de um chamado TEste
2021-12-08 18:58:03 [2@DESKTOP-B5LUNCB]
Um e-mail foi enviado para babita.silas@babita.com.br: [GLPI #0000001] Exclusão de um chamado TEste
2021-12-08 18:58:03 [2@DESKTOP-B5LUNCB]
Um e-mail para babita.silas@babita.com.br foi adicionado à fila: [GLPI #0000002] Exclusão de um chamado teste
2021-12-08 18:58:06 [2@DESKTOP-B5LUNCB]
Um e-mail foi enviado para babita.silas@babita.com.br: [GLPI #0000002] Exclusão de um chamado teste
2021-12-08 18:58:06 [2@DESKTOP-B5LUNCB]
Um e-mail para babita.silas@babita.com.br foi adicionado à fila: [GLPI #0000003] Exclusão de um chamado teste
2021-12-08 18:58:08 [2@DESKTOP-B5LUNCB]
Um e-mail foi enviado para babita.silas@babita.com.br: [GLPI #0000003] Exclusão de um chamado teste
2021-12-08 18:58:08 [2@DESKTOP-B5LUNCB]
Um e-mail para babita.silas@babita.com.br foi adicionado à fila: [GLPI #0000004] Exclusão de um chamado teste
2021-12-08 18:58:11 [2@DESKTOP-B5LUNCB]
Um e-mail foi enviado para babita.silas@babita.com.br: [GLPI #0000004] Exclusão de um chamado teste
2021-12-08 18:58:11 [2@DESKTOP-B5LUNCB]
Um e-mail para babita.silas@babita.com.br foi adicionado à fila: [GLPI #0000005] Exclusão de um chamado testessss
2021-12-08 18:58:13 [2@DESKTOP-B5LUNCB]
Um e-mail foi enviado para babita.silas@babita.com.br: [GLPI #0000005] Exclusão de um chamado testessss
2021-12-08 18:58:13 [2@DESKTOP-B5LUNCB]
Um e-mail para babita.silas@babita.com.br foi adicionado à fila: [GLPI #0000006] Exclusão de um chamado teste
2021-12-08 18:58:15 [2@DESKTOP-B5LUNCB]
Um e-mail foi enviado para babita.silas@babita.com.br: [GLPI #0000006] Exclusão de um chamado teste
2021-12-08 18:59:40 [@DESKTOP-B5LUNCB]
Um e-mail foi enviado para babita.geovannamiranda@babita.com.br: [GLPI #0000007] Novo usuário em requerentes teste
2021-12-08 19:01:55 [12@DESKTOP-B5LUNCB]
Um e-mail para babita.geovannamiranda@babita.com.br foi adicionado à fila: [GLPI #0000008] Novo usuário em observadores teste
2021-12-08 19:01:55 [12@DESKTOP-B5LUNCB]
Um e-mail para babita.silas@babita.com.br foi adicionado à fila: [GLPI #0000008] Novo chamado teste
2021-12-08 19:01:55 [12@DESKTOP-B5LUNCB]
Um e-mail para babita.geovannamiranda@babita.com.br foi adicionado à fila: [GLPI #0000008] Novo chamado teste
2021-12-08 19:12:50 [@DESKTOP-B5LUNCB]
Um e-mail foi enviado para babita.silas@babita.com.br: [GLPI #0000008] Novo chamado teste
2021-12-08 19:12:53 [@DESKTOP-B5LUNCB]
Um e-mail foi enviado para babita.geovannamiranda@babita.com.br: [GLPI #0000008] Novo chamado teste
2021-12-08 20:38:57 [13@DESKTOP-B5LUNCB]
Um e-mail para babita.geovannamiranda@babita.com.br foi adicionado à fila: [GLPI #0000009] Novo usuário em observadores teste
2021-12-08 20:38:57 [13@DESKTOP-B5LUNCB]
Um e-mail para babita.silas@babita.com.br foi adicionado à fila: [GLPI #0000009] Novo chamado teste
2021-12-08 20:38:57 [13@DESKTOP-B5LUNCB]
Um e-mail para babita.geovannamiranda@babita.com.br foi adicionado à fila: [GLPI #0000009] Novo chamado teste
2021-12-08 20:38:59 [13@DESKTOP-B5LUNCB]
Um e-mail foi enviado para babita.silas@babita.com.br: [GLPI #0000009] Novo chamado teste
2021-12-08 20:40:31 [@DESKTOP-B5LUNCB]
Um e-mail foi enviado para babita.geovannamiranda@babita.com.br: [GLPI #0000009] Novo chamado teste
2021-12-08 20:43:37 [13@DESKTOP-B5LUNCB]
Um e-mail para babita.geovannamiranda@babita.com.br foi adicionado à fila: [GLPI #0000010] Novo usuário em observadores teste
2021-12-08 20:43:37 [13@DESKTOP-B5LUNCB]
Um e-mail para babita.silas@babita.com.br foi adicionado à fila: [GLPI #0000010] Novo chamado teste
2021-12-08 20:43:37 [13@DESKTOP-B5LUNCB]
Um e-mail para babita.geovannamiranda@babita.com.br foi adicionado à fila: [GLPI #0000010] Novo chamado teste
2021-12-08 21:03:38 [2@DESKTOP-B5LUNCB]
Um e-mail foi enviado para babita.silas@babita.com.br: [GLPI #0000010] Novo chamado teste
2021-12-08 21:03:40 [2@DESKTOP-B5LUNCB]
Um e-mail foi enviado para babita.geovannamiranda@babita.com.br: [GLPI #0000010] Novo chamado teste
2021-12-08 21:12:07 [13@DESKTOP-B5LUNCB]
Um e-mail para tecnologia@babita.com.br foi adicionado à fila: [GLPI #0000011] Novo usuário em observadores Financeiro
2021-12-08 21:12:07 [13@DESKTOP-B5LUNCB]
Um e-mail para babita.silas@babita.com.br foi adicionado à fila: [GLPI #0000011] Novo chamado Financeiro
2021-12-08 21:12:07 [13@DESKTOP-B5LUNCB]
Um e-mail para tecnologia@babita.com.br foi adicionado à fila: [GLPI #0000011] Novo chamado Financeiro
2021-12-08 21:12:09 [13@DESKTOP-B5LUNCB]
Um e-mail foi enviado para babita.silas@babita.com.br: [GLPI #0000011] Novo chamado Financeiro
2021-12-08 21:15:47 [12@DESKTOP-B5LUNCB]
Um e-mail para babita.geovannamiranda@babita.com.br foi adicionado à fila: [GLPI #0000012] Novo usuário em observadores teste
2021-12-08 21:15:47 [12@DESKTOP-B5LUNCB]
Um e-mail para babita.silas@babita.com.br foi adicionado à fila: [GLPI #0000012] Novo chamado teste
2021-12-08 21:15:47 [12@DESKTOP-B5LUNCB]
Um e-mail para babita.geovannamiranda@babita.com.br foi adicionado à fila: [GLPI #0000012] Novo chamado teste
2021-12-08 21:16:08 [2@DESKTOP-B5LUNCB]
Um e-mail para babita.silas@babita.com.br foi adicionado à fila: [GLPI #0000007] Exclusão de um chamado teste
2021-12-08 21:16:08 [2@DESKTOP-B5LUNCB]
Um e-mail para babita.silas@babita.com.br foi adicionado à fila: [GLPI #0000008] Exclusão de um chamado teste
2021-12-08 21:16:08 [2@DESKTOP-B5LUNCB]
Um e-mail para babita.silas@babita.com.br foi adicionado à fila: [GLPI #0000009] Exclusão de um chamado teste
2021-12-08 21:16:08 [2@DESKTOP-B5LUNCB]
Um e-mail para babita.silas@babita.com.br foi adicionado à fila: [GLPI #0000010] Exclusão de um chamado teste
2021-12-08 22:40:35 [2@DESKTOP-B5LUNCB]
Um e-mail para tecnologia@babita.com.br foi adicionado à fila: [GLPI #0000011] Novo usuário em observadores Financeiro
2021-12-08 22:40:35 [2@DESKTOP-B5LUNCB]
Um e-mail para babita.geovannamiranda@babita.com.br foi adicionado à fila: [GLPI #0000011] Novo usuário em observadores Financeiro
2021-12-08 22:40:37 [2@DESKTOP-B5LUNCB]
Um e-mail foi enviado para tecnologia@babita.com.br: [GLPI #0000011] Novo usuário em observadores Financeiro
2021-12-08 22:58:25 [2@DESKTOP-B5LUNCB]
Um e-mail foi enviado para babita.silas@babita.com.br: [GLPI #0000012] Novo chamado teste
2021-12-08 22:58:28 [2@DESKTOP-B5LUNCB]
Um e-mail foi enviado para babita.geovannamiranda@babita.com.br: [GLPI #0000012] Novo chamado teste
2021-12-08 22:58:30 [2@DESKTOP-B5LUNCB]
Um e-mail foi enviado para babita.silas@babita.com.br: [GLPI #0000007] Exclusão de um chamado teste
2021-12-08 22:58:33 [2@DESKTOP-B5LUNCB]
Um e-mail foi enviado para babita.silas@babita.com.br: [GLPI #0000008] Exclusão de um chamado teste
2021-12-08 22:58:35 [2@DESKTOP-B5LUNCB]
Um e-mail foi enviado para babita.silas@babita.com.br: [GLPI #0000009] Exclusão de um chamado teste
2021-12-08 22:58:37 [2@DESKTOP-B5LUNCB]
Um e-mail foi enviado para babita.silas@babita.com.br: [GLPI #0000010] Exclusão de um chamado teste
2021-12-08 22:58:40 [2@DESKTOP-B5LUNCB]
Um e-mail foi enviado para babita.geovannamiranda@babita.com.br: [GLPI #0000011] Novo usuário em observadores Financeiro
2021-12-08 23:10:11 [11@DESKTOP-B5LUNCB]
Um e-mail para babita.geovannamiranda@babita.com.br foi adicionado à fila: [GLPI #0000013] Novo usuário em requerentes Para financeiro
2021-12-08 23:10:13 [11@DESKTOP-B5LUNCB]
Um e-mail foi enviado para babita.geovannamiranda@babita.com.br: [GLPI #0000013] Novo usuário em requerentes Para financeiro
2021-12-08 23:10:13 [11@DESKTOP-B5LUNCB]
Um e-mail para babita.geovannamiranda@babita.com.br foi adicionado à fila: [GLPI #0000013] Novo usuário em atribuídos Para financeiro
2021-12-08 23:10:13 [11@DESKTOP-B5LUNCB]
Um e-mail para babita.silas@babita.com.br foi adicionado à fila: [GLPI #0000013] Novo chamado Para financeiro
2021-12-08 23:10:13 [11@DESKTOP-B5LUNCB]
Um e-mail para babita.geovannamiranda@babita.com.br foi adicionado à fila: [GLPI #0000013] Novo chamado Para financeiro
2021-12-08 23:10:16 [11@DESKTOP-B5LUNCB]
Um e-mail foi enviado para babita.silas@babita.com.br: [GLPI #0000013] Novo chamado Para financeiro
2021-12-08 23:12:05 [2@DESKTOP-B5LUNCB]
Um e-mail para babita.silas@babita.com.br foi adicionado à fila: [GLPI #0000008] Exclusão de um chamado teste
2021-12-08 23:12:07 [2@DESKTOP-B5LUNCB]
Um e-mail foi enviado para babita.silas@babita.com.br: [GLPI #0000008] Exclusão de um chamado teste
2021-12-08 23:12:07 [2@DESKTOP-B5LUNCB]
Um e-mail para babita.silas@babita.com.br foi adicionado à fila: [GLPI #0000009] Exclusão de um chamado teste
2021-12-08 23:12:10 [2@DESKTOP-B5LUNCB]
Um e-mail foi enviado para babita.silas@babita.com.br: [GLPI #0000009] Exclusão de um chamado teste
2021-12-09 16:13:22 [@DESKTOP-B5LUNCB]
Um e-mail foi enviado para babita.geovannamiranda@babita.com.br: [GLPI #0000013] Novo chamado Para financeiro
2021-12-09 16:14:52 [13@DESKTOP-B5LUNCB]
Um e-mail para babita.silas@babita.com.br foi adicionado à fila: [GLPI #0000014] Novo chamado Abertura de chamado para ti
2021-12-09 16:14:54 [13@DESKTOP-B5LUNCB]
Um e-mail foi enviado para babita.silas@babita.com.br: [GLPI #0000014] Novo chamado Abertura de chamado para ti
2021-12-09 16:53:42 [11@DESKTOP-B5LUNCB]
Um e-mail para babita.geovannamiranda@babita.com.br foi adicionado à fila: [GLPI #0000014] Novo usuário em atribuídos Abertura de chamado para ti
2021-12-09 16:53:45 [11@DESKTOP-B5LUNCB]
Um e-mail foi enviado para babita.geovannamiranda@babita.com.br: [GLPI #0000014] Novo usuário em atribuídos Abertura de chamado para ti
2021-12-09 16:55:14 [2@DESKTOP-B5LUNCB]
Um e-mail para babita.silas@babita.com.br foi adicionado à fila: [GLPI #0000011] Exclusão de um chamado Financeiro
2021-12-09 16:55:14 [2@DESKTOP-B5LUNCB]
Um e-mail para babita.silas@babita.com.br foi adicionado à fila: [GLPI #0000012] Exclusão de um chamado teste
2021-12-09 16:55:14 [2@DESKTOP-B5LUNCB]
Um e-mail para babita.silas@babita.com.br foi adicionado à fila: [GLPI #0000013] Exclusão de um chamado Para financeiro
2021-12-09 16:55:14 [2@DESKTOP-B5LUNCB]
Um e-mail para babita.silas@babita.com.br foi adicionado à fila: [GLPI #0000014] Exclusão de um chamado Abertura de chamado para ti
2021-12-09 17:44:03 [11@DESKTOP-B5LUNCB]
Um e-mail para babita.geovannamiranda@babita.com.br foi adicionado à fila: [GLPI #0000015] Novo usuário em requerentes TESTE CREDITO
2021-12-09 17:44:03 [11@DESKTOP-B5LUNCB]
Um e-mail para babita.geovannamiranda@babita.com.br foi adicionado à fila: [GLPI #0000015] Novo usuário em atribuídos TESTE CREDITO
2021-12-09 17:44:03 [11@DESKTOP-B5LUNCB]
Um e-mail para babita.silas@babita.com.br foi adicionado à fila: [GLPI #0000015] Novo chamado TESTE CREDITO
2021-12-09 17:44:03 [11@DESKTOP-B5LUNCB]
Um e-mail para babita.geovannamiranda@babita.com.br foi adicionado à fila: [GLPI #0000015] Novo chamado TESTE CREDITO
2021-12-09 17:46:22 [2@DESKTOP-B5LUNCB]
Um e-mail foi enviado para babita.silas@babita.com.br: [GLPI #0000011] Exclusão de um chamado Financeiro
2021-12-09 17:46:26 [2@DESKTOP-B5LUNCB]
Um e-mail foi enviado para babita.silas@babita.com.br: [GLPI #0000012] Exclusão de um chamado teste
2021-12-09 17:46:29 [2@DESKTOP-B5LUNCB]
Um e-mail foi enviado para babita.silas@babita.com.br: [GLPI #0000013] Exclusão de um chamado Para financeiro
2021-12-09 17:46:31 [2@DESKTOP-B5LUNCB]
Um e-mail foi enviado para babita.silas@babita.com.br: [GLPI #0000014] Exclusão de um chamado Abertura de chamado para ti
2021-12-09 17:46:34 [2@DESKTOP-B5LUNCB]
Um e-mail foi enviado para babita.silas@babita.com.br: [GLPI #0000015] Novo chamado TESTE CREDITO
2021-12-09 17:46:36 [2@DESKTOP-B5LUNCB]
Um e-mail foi enviado para babita.geovannamiranda@babita.com.br: [GLPI #0000015] Novo chamado TESTE CREDITO
2021-12-09 20:02:03 [12@DESKTOP-B5LUNCB]
Um e-mail para babita.silas@babita.com.br foi adicionado à fila: [GLPI #0000016] Novo chamado TESTE
2021-12-09 20:06:03 [@DESKTOP-B5LUNCB]
Um e-mail foi enviado para babita.silas@babita.com.br: [GLPI #0000016] Novo chamado TESTE
2021-12-09 20:10:56 [2@DESKTOP-B5LUNCB]
Um e-mail para babita.silas@babita.com.br foi adicionado à fila: [GLPI #0000007] Exclusão de um chamado teste
2021-12-09 20:10:58 [2@DESKTOP-B5LUNCB]
Um e-mail foi enviado para babita.silas@babita.com.br: [GLPI #0000007] Exclusão de um chamado teste
2021-12-09 20:10:58 [2@DESKTOP-B5LUNCB]
Um e-mail para babita.silas@babita.com.br foi adicionado à fila: [GLPI #0000010] Exclusão de um chamado teste
2021-12-09 20:11:01 [2@DESKTOP-B5LUNCB]
Um e-mail foi enviado para babita.silas@babita.com.br: [GLPI #0000010] Exclusão de um chamado teste
2021-12-09 20:11:02 [2@DESKTOP-B5LUNCB]
Um e-mail para babita.silas@babita.com.br foi adicionado à fila: [GLPI #0000011] Exclusão de um chamado Financeiro
2021-12-09 20:11:04 [2@DESKTOP-B5LUNCB]
Um e-mail foi enviado para babita.silas@babita.com.br: [GLPI #0000011] Exclusão de um chamado Financeiro
2021-12-09 20:11:04 [2@DESKTOP-B5LUNCB]
Um e-mail para babita.silas@babita.com.br foi adicionado à fila: [GLPI #0000012] Exclusão de um chamado teste
2021-12-09 20:11:06 [2@DESKTOP-B5LUNCB]
Um e-mail foi enviado para babita.silas@babita.com.br: [GLPI #0000012] Exclusão de um chamado teste
2021-12-09 20:11:06 [2@DESKTOP-B5LUNCB]
Um e-mail para babita.silas@babita.com.br foi adicionado à fila: [GLPI #0000013] Exclusão de um chamado Para financeiro
2021-12-09 20:11:09 [2@DESKTOP-B5LUNCB]
Um e-mail foi enviado para babita.silas@babita.com.br: [GLPI #0000013] Exclusão de um chamado Para financeiro
2021-12-09 20:11:09 [2@DESKTOP-B5LUNCB]
Um e-mail para babita.silas@babita.com.br foi adicionado à fila: [GLPI #0000014] Exclusão de um chamado Abertura de chamado para ti
2021-12-09 20:11:12 [2@DESKTOP-B5LUNCB]
Um e-mail foi enviado para babita.silas@babita.com.br: [GLPI #0000014] Exclusão de um chamado Abertura de chamado para ti
2021-12-09 20:32:29 [2@DESKTOP-B5LUNCB]
Um e-mail para babita.silas@babita.com.br foi adicionado à fila: [GLPI #0000015] Exclusão de um chamado TESTE CREDITO
2021-12-09 20:32:29 [2@DESKTOP-B5LUNCB]
Um e-mail para babita.silas@babita.com.br foi adicionado à fila: [GLPI #0000016] Exclusão de um chamado TESTE
2021-12-09 20:32:32 [2@DESKTOP-B5LUNCB]
Um e-mail foi enviado para babita.silas@babita.com.br: [GLPI #0000015] Exclusão de um chamado TESTE CREDITO
2021-12-09 20:32:34 [2@DESKTOP-B5LUNCB]
Um e-mail foi enviado para babita.silas@babita.com.br: [GLPI #0000016] Exclusão de um chamado TESTE
2021-12-09 20:32:40 [2@DESKTOP-B5LUNCB]
Um e-mail para babita.silas@babita.com.br foi adicionado à fila: [GLPI #0000015] Exclusão de um chamado TESTE CREDITO
2021-12-09 20:32:42 [2@DESKTOP-B5LUNCB]
Um e-mail foi enviado para babita.silas@babita.com.br: [GLPI #0000015] Exclusão de um chamado TESTE CREDITO
2021-12-09 20:32:42 [2@DESKTOP-B5LUNCB]
Um e-mail para babita.silas@babita.com.br foi adicionado à fila: [GLPI #0000016] Exclusão de um chamado TESTE
2021-12-09 20:32:44 [2@DESKTOP-B5LUNCB]
Um e-mail foi enviado para babita.silas@babita.com.br: [GLPI #0000016] Exclusão de um chamado TESTE
2021-12-10 14:59:23 [12@DESKTOP-B5LUNCB]
Um e-mail para geovannanm564@outlook.com foi adicionado à fila: [babita.geovannamiranda@babita.com.br #0000017] Novo usuário em requerentes TESTE 
2021-12-10 14:59:23 [12@DESKTOP-B5LUNCB]
Um e-mail para babita.silas@babita.com.br foi adicionado à fila: [babita.geovannamiranda@babita.com.br #0000017] Novo chamado TESTE 
2021-12-10 14:59:23 [12@DESKTOP-B5LUNCB]
Um e-mail para geovannanm564@outlook.com foi adicionado à fila: [babita.geovannamiranda@babita.com.br #0000017] Novo chamado TESTE 
2021-12-10 14:59:25 [12@DESKTOP-B5LUNCB]
Um e-mail foi enviado para babita.silas@babita.com.br: [babita.geovannamiranda@babita.com.br #0000017] Novo chamado TESTE 
2021-12-10 15:01:33 [2@DESKTOP-B5LUNCB]
Um e-mail foi enviado para geovannanm564@outlook.com: [babita.geovannamiranda@babita.com.br #0000017] Novo chamado TESTE 
2021-12-10 15:09:11 [12@DESKTOP-B5LUNCB]
Um e-mail para babita.silas@babita.com.br foi adicionado à fila: [GLPI #0000018] Novo chamado TESTE
2021-12-10 15:09:49 [2@DESKTOP-B5LUNCB]
Um e-mail foi enviado para babita.silas@babita.com.br: [GLPI #0000018] Novo chamado TESTE
2021-12-10 15:40:43 [11@DESKTOP-B5LUNCB]
Um e-mail para babita.geovannamiranda@babita.com.br foi adicionado à fila: [GLPI #0000019] Novo usuário em requerentes TESTE 
2021-12-10 15:40:43 [11@DESKTOP-B5LUNCB]
Um e-mail para babita.silas@babita.com.br foi adicionado à fila: [GLPI #0000019] Novo chamado TESTE 
2021-12-10 15:40:43 [11@DESKTOP-B5LUNCB]
Um e-mail para babita.geovannamiranda@babita.com.br foi adicionado à fila: [GLPI #0000019] Novo chamado TESTE 
2021-12-10 15:40:47 [@DESKTOP-B5LUNCB]
Um e-mail foi enviado para babita.silas@babita.com.br: [GLPI #0000019] Novo chamado TESTE 
2021-12-10 15:40:50 [@DESKTOP-B5LUNCB]
Um e-mail foi enviado para babita.geovannamiranda@babita.com.br: [GLPI #0000019] Novo chamado TESTE 
2021-12-10 15:45:55 [11@DESKTOP-B5LUNCB]
Um e-mail para babita.geovannamiranda@babita.com.br foi adicionado à fila: [GLPI #0000020] Novo usuário em requerentes TESTE EMAIL
2021-12-10 15:45:55 [11@DESKTOP-B5LUNCB]
Um e-mail para babita.silas@babita.com.br foi adicionado à fila: [GLPI #0000020] Novo chamado TESTE EMAIL
2021-12-10 15:45:55 [11@DESKTOP-B5LUNCB]
Um e-mail para babita.geovannamiranda@babita.com.br foi adicionado à fila: [GLPI #0000020] Novo chamado TESTE EMAIL
2021-12-10 15:45:57 [11@DESKTOP-B5LUNCB]
Um e-mail foi enviado para babita.silas@babita.com.br: [GLPI #0000020] Novo chamado TESTE EMAIL
2021-12-10 15:46:06 [2@DESKTOP-B5LUNCB]
Um e-mail foi enviado para babita.geovannamiranda@babita.com.br: [GLPI #0000020] Novo chamado TESTE EMAIL
2021-12-10 15:51:08 [2@DESKTOP-B5LUNCB]
Um e-mail para babita.silas@babita.com.br foi adicionado à fila: [babita.geovannamiranda@babita.com.br #0000017] Exclusão de um chamado TESTE 
2021-12-10 15:51:08 [2@DESKTOP-B5LUNCB]
Um e-mail para babita.silas@babita.com.br foi adicionado à fila: [tecnologia@babita.com.br #0000018] Exclusão de um chamado TESTE
2021-12-10 15:51:08 [2@DESKTOP-B5LUNCB]
Um e-mail para babita.silas@babita.com.br foi adicionado à fila: [GLPI #0000019] Exclusão de um chamado TESTE 
2021-12-10 15:51:08 [2@DESKTOP-B5LUNCB]
Um e-mail para babita.silas@babita.com.br foi adicionado à fila: [GLPI #0000020] Exclusão de um chamado TESTE EMAIL
2021-12-10 15:51:12 [2@DESKTOP-B5LUNCB]
Um e-mail foi enviado para babita.silas@babita.com.br: [babita.geovannamiranda@babita.com.br #0000017] Exclusão de um chamado TESTE 
2021-12-10 15:51:14 [2@DESKTOP-B5LUNCB]
Um e-mail foi enviado para babita.silas@babita.com.br: [tecnologia@babita.com.br #0000018] Exclusão de um chamado TESTE
2021-12-10 15:51:16 [2@DESKTOP-B5LUNCB]
Um e-mail foi enviado para babita.silas@babita.com.br: [GLPI #0000019] Exclusão de um chamado TESTE 
2021-12-10 15:51:18 [2@DESKTOP-B5LUNCB]
Um e-mail foi enviado para babita.silas@babita.com.br: [GLPI #0000020] Exclusão de um chamado TESTE EMAIL
2021-12-10 15:51:32 [2@DESKTOP-B5LUNCB]
Um e-mail para babita.silas@babita.com.br foi adicionado à fila: [babita.geovannamiranda@babita.com.br #0000017] Exclusão de um chamado TESTE 
2021-12-10 15:51:32 [2@DESKTOP-B5LUNCB]
Um e-mail para babita.silas@babita.com.br foi adicionado à fila: [tecnologia@babita.com.br #0000018] Exclusão de um chamado TESTE
2021-12-10 15:51:32 [2@DESKTOP-B5LUNCB]
Um e-mail para babita.silas@babita.com.br foi adicionado à fila: [GLPI #0000019] Exclusão de um chamado TESTE 
2021-12-10 15:51:32 [2@DESKTOP-B5LUNCB]
Um e-mail para babita.silas@babita.com.br foi adicionado à fila: [GLPI #0000020] Exclusão de um chamado TESTE EMAIL
2021-12-10 15:55:58 [11@DESKTOP-B5LUNCB]
Um e-mail para babita.geovannamiranda@babita.com.br foi adicionado à fila: [babita.guilherme@babita.com.br #0000021] Novo usuário em requerentes TESTE EMAIL 2
2021-12-10 15:55:58 [11@DESKTOP-B5LUNCB]
Um e-mail para babita.silas@babita.com.br foi adicionado à fila: [babita.guilherme@babita.com.br #0000021] Novo chamado TESTE EMAIL 2
2021-12-10 15:55:58 [11@DESKTOP-B5LUNCB]
Um e-mail para babita.geovannamiranda@babita.com.br foi adicionado à fila: [babita.guilherme@babita.com.br #0000021] Novo chamado TESTE EMAIL 2
2021-12-10 15:56:11 [@DESKTOP-B5LUNCB]
Um e-mail foi enviado para babita.silas@babita.com.br: [babita.geovannamiranda@babita.com.br #0000017] Exclusão de um chamado TESTE 
2021-12-10 15:56:14 [@DESKTOP-B5LUNCB]
Um e-mail foi enviado para babita.silas@babita.com.br: [tecnologia@babita.com.br #0000018] Exclusão de um chamado TESTE
2021-12-10 15:56:16 [@DESKTOP-B5LUNCB]
Um e-mail foi enviado para babita.silas@babita.com.br: [GLPI #0000019] Exclusão de um chamado TESTE 
2021-12-10 15:56:19 [@DESKTOP-B5LUNCB]
Um e-mail foi enviado para babita.silas@babita.com.br: [GLPI #0000020] Exclusão de um chamado TESTE EMAIL
2021-12-10 15:56:21 [@DESKTOP-B5LUNCB]
Um e-mail foi enviado para babita.silas@babita.com.br: [babita.guilherme@babita.com.br #0000021] Novo chamado TESTE EMAIL 2
2021-12-10 15:56:24 [@DESKTOP-B5LUNCB]
Um e-mail foi enviado para babita.geovannamiranda@babita.com.br: [babita.guilherme@babita.com.br #0000021] Novo chamado TESTE EMAIL 2
2021-12-10 16:03:03 [12@DESKTOP-B5LUNCB]
Um e-mail para babita.guilherme@babita.com.br foi adicionado à fila: [babita.geovannamiranda@babita.com.br #0000022] Novo usuário em requerentes TESTE EMAIL 3
2021-12-10 16:03:03 [12@DESKTOP-B5LUNCB]
Um e-mail para babita.geovannamiranda@babita.com.br foi adicionado à fila: [babita.geovannamiranda@babita.com.br #0000022] Novo chamado TESTE EMAIL 3
2021-12-10 16:03:03 [12@DESKTOP-B5LUNCB]
Um e-mail para babita.silas@babita.com.br foi adicionado à fila: [babita.geovannamiranda@babita.com.br #0000022] Novo chamado TESTE EMAIL 3
2021-12-10 16:03:03 [12@DESKTOP-B5LUNCB]
Um e-mail para babita.guilherme@babita.com.br foi adicionado à fila: [babita.geovannamiranda@babita.com.br #0000022] Novo chamado TESTE EMAIL 3
2021-12-10 16:03:15 [@DESKTOP-B5LUNCB]
Um e-mail foi enviado para babita.geovannamiranda@babita.com.br: [babita.geovannamiranda@babita.com.br #0000022] Novo chamado TESTE EMAIL 3
2021-12-10 16:03:18 [@DESKTOP-B5LUNCB]
Um e-mail foi enviado para babita.silas@babita.com.br: [babita.geovannamiranda@babita.com.br #0000022] Novo chamado TESTE EMAIL 3
2021-12-10 16:03:20 [@DESKTOP-B5LUNCB]
Um e-mail foi enviado para babita.guilherme@babita.com.br: [babita.geovannamiranda@babita.com.br #0000022] Novo chamado TESTE EMAIL 3
2021-12-10 16:09:14 [2@DESKTOP-B5LUNCB]
Um e-mail para babita.silas@babita.com.br foi adicionado à fila: [babita.guilherme@babita.com.br #0000021] Exclusão de um chamado TESTE EMAIL 2
2021-12-10 16:09:18 [2@DESKTOP-B5LUNCB]
Um e-mail foi enviado para babita.silas@babita.com.br: [babita.guilherme@babita.com.br #0000021] Exclusão de um chamado TESTE EMAIL 2
2021-12-10 16:09:18 [2@DESKTOP-B5LUNCB]
Um e-mail para babita.silas@babita.com.br foi adicionado à fila: [babita.geovannamiranda@babita.com.br #0000022] Exclusão de um chamado TESTE EMAIL 3
2021-12-10 16:09:20 [2@DESKTOP-B5LUNCB]
Um e-mail foi enviado para babita.silas@babita.com.br: [babita.geovannamiranda@babita.com.br #0000022] Exclusão de um chamado TESTE EMAIL 3
2021-12-10 16:10:51 [12@DESKTOP-B5LUNCB]
Um e-mail para babita.guilherme@babita.com.br foi adicionado à fila: [babita.geovannamiranda@babita.com.br #0000023] Novo usuário em requerentes TESTE EMAIL 4
2021-12-10 16:10:51 [12@DESKTOP-B5LUNCB]
Um e-mail para babita.geovannamiranda@babita.com.br foi adicionado à fila: [babita.geovannamiranda@babita.com.br #0000023] Novo chamado TESTE EMAIL 4
2021-12-10 16:10:51 [12@DESKTOP-B5LUNCB]
Um e-mail para babita.silas@babita.com.br foi adicionado à fila: [babita.geovannamiranda@babita.com.br #0000023] Novo chamado TESTE EMAIL 4
2021-12-10 16:10:51 [12@DESKTOP-B5LUNCB]
Um e-mail para babita.guilherme@babita.com.br foi adicionado à fila: [babita.geovannamiranda@babita.com.br #0000023] Novo chamado TESTE EMAIL 4
2021-12-10 16:12:07 [2@DESKTOP-B5LUNCB]
Um e-mail foi enviado para babita.geovannamiranda@babita.com.br: [babita.geovannamiranda@babita.com.br #0000023] Novo chamado TESTE EMAIL 4
2021-12-10 16:12:12 [2@DESKTOP-B5LUNCB]
Um e-mail foi enviado para babita.silas@babita.com.br: [babita.geovannamiranda@babita.com.br #0000023] Novo chamado TESTE EMAIL 4
2021-12-10 16:12:21 [2@DESKTOP-B5LUNCB]
Um e-mail foi enviado para babita.guilherme@babita.com.br: [babita.geovannamiranda@babita.com.br #0000023] Novo chamado TESTE EMAIL 4
2021-12-10 16:18:08 [2@DESKTOP-B5LUNCB]
Um e-mail para babita.silas@babita.com.br foi adicionado à fila: [babita.geovannamiranda@babita.com.br #0000023] Exclusão de um chamado TESTE EMAIL 4
2021-12-10 16:20:12 [@DESKTOP-B5LUNCB]
Um e-mail foi enviado para babita.silas@babita.com.br: [babita.geovannamiranda@babita.com.br #0000023] Exclusão de um chamado TESTE EMAIL 4
2021-12-10 16:22:28 [13@DESKTOP-B5LUNCB]
Um e-mail para babita.guilherme@babita.com.br foi adicionado à fila: [babita.geovannamiranda@babita.com.br #0000024] Novo usuário em requerentes TESTE B8 
2021-12-10 16:22:28 [13@DESKTOP-B5LUNCB]
Um e-mail para babita.geovannamiranda@babita.com.br foi adicionado à fila: [babita.geovannamiranda@babita.com.br #0000024] Novo chamado TESTE B8 
2021-12-10 16:22:28 [13@DESKTOP-B5LUNCB]
Um e-mail para babita.silas@babita.com.br foi adicionado à fila: [babita.geovannamiranda@babita.com.br #0000024] Novo chamado TESTE B8 
2021-12-10 16:22:28 [13@DESKTOP-B5LUNCB]
Um e-mail para babita.guilherme@babita.com.br foi adicionado à fila: [babita.geovannamiranda@babita.com.br #0000024] Novo chamado TESTE B8 
2021-12-10 16:22:56 [2@DESKTOP-B5LUNCB]
Um e-mail foi enviado para babita.geovannamiranda@babita.com.br: [babita.geovannamiranda@babita.com.br #0000024] Novo chamado TESTE B8 
2021-12-10 16:22:59 [2@DESKTOP-B5LUNCB]
Um e-mail foi enviado para babita.silas@babita.com.br: [babita.geovannamiranda@babita.com.br #0000024] Novo chamado TESTE B8 
2021-12-10 16:23:02 [2@DESKTOP-B5LUNCB]
Um e-mail foi enviado para babita.guilherme@babita.com.br: [babita.geovannamiranda@babita.com.br #0000024] Novo chamado TESTE B8 
2021-12-10 16:24:19 [2@DESKTOP-B5LUNCB]
Um e-mail para babita.silas@babita.com.br foi adicionado à fila: [babita.geovannamiranda@babita.com.br #0000024] Exclusão de um chamado TESTE B8 
2021-12-10 16:25:27 [13@DESKTOP-B5LUNCB]
Um e-mail para babita.guilherme@babita.com.br foi adicionado à fila: [babita.geovannamiranda@babita.com.br #0000025] Novo usuário em requerentes TESTE
2021-12-10 16:25:27 [13@DESKTOP-B5LUNCB]
Um e-mail para babita.geovannamiranda@babita.com.br foi adicionado à fila: [babita.geovannamiranda@babita.com.br #0000025] Novo chamado TESTE
2021-12-10 16:25:27 [13@DESKTOP-B5LUNCB]
Um e-mail para babita.silas@babita.com.br foi adicionado à fila: [babita.geovannamiranda@babita.com.br #0000025] Novo chamado TESTE
2021-12-10 16:25:27 [13@DESKTOP-B5LUNCB]
Um e-mail para babita.guilherme@babita.com.br foi adicionado à fila: [babita.geovannamiranda@babita.com.br #0000025] Novo chamado TESTE
2021-12-10 16:26:06 [2@DESKTOP-B5LUNCB]
Um e-mail foi enviado para babita.geovannamiranda@babita.com.br: [babita.geovannamiranda@babita.com.br #0000025] Novo chamado TESTE
2021-12-10 16:46:27 [2@DESKTOP-B5LUNCB]
Um e-mail foi enviado para babita.silas@babita.com.br: [babita.geovannamiranda@babita.com.br #0000024] Exclusão de um chamado TESTE B8 
2021-12-10 16:46:30 [2@DESKTOP-B5LUNCB]
Um e-mail foi enviado para babita.silas@babita.com.br: [babita.geovannamiranda@babita.com.br #0000025] Novo chamado TESTE
2021-12-10 16:46:32 [2@DESKTOP-B5LUNCB]
Um e-mail foi enviado para babita.guilherme@babita.com.br: [babita.geovannamiranda@babita.com.br #0000025] Novo chamado TESTE
